Terminals which are not used:

   _RESERVED
   _STAG
   _NAME


Grammar

  Number, Line, Rule
    1  85 url -> service_list sap
    2 179 service_list -> service
    3 187 service_list -> service_list service
    4 196 service -> _RESNAME ':'
    5 214 service -> _RESNAME '.' _RESNAME ':'
    6 236 sap -> site
    7 243 sap -> site url_part
    8 252 site -> ip_site
    9 265 site -> ipx_site
   10 278 site -> at_site
   11 293 ip_site -> '/' '/'
   12 296 ip_site -> '/' '/' hostport
   13 304 ip_site -> '/' '/' _RESNAME '@' hostport
   14 315 ipx_site -> _IPX
   15 320 at_site -> _AT _ZONE ':' _ZONE ':' _ZONE
   16 333 hostport -> host
   17 336 hostport -> host ':' _HEXDIG
   18 351 host -> _RESNAME
   19 354 host -> _IPADDR
   20 359 url_part -> path_list
   21 362 url_part -> attr_list
   22 365 url_part -> path_list attr_list
   23 370 path_list -> path_el
   24 377 path_list -> path_list path_el
   25 387 path_el -> '/'
   26 391 path_el -> '/' _ELEMENT
   27 409 path_el -> '/' _RESNAME
   28 426 path_el -> '/' _HEXDIG
   29 444 attr_list -> attr_el
   30 451 attr_list -> attr_list attr_el
   31 460 attr_el -> ';' _ELEMENT
   32 477 attr_el -> ';' _ELEMENT '=' _ELEMENT


Terminals, with rules where they appear

$ (-1)
'.' (46) 5
'/' (47) 11 12 13 25 26 27 28
':' (58) 4 5 15 17
';' (59) 31 32
'=' (61) 32
'@' (64) 13
error (256)
_RESERVED (257)
_HEXDIG (258) 17 28
_STAG (259)
_RESNAME (260) 4 5 13 18 27
_NAME (261)
_ELEMENT (262) 26 31 32
_IPADDR (263) 19
_IPX (264) 14
_AT (265) 15
_ZONE (266) 15


Nonterminals, with rules where they appear

url (19)
    on left: 1
service_list (20)
    on left: 2 3, on right: 1 3
service (21)
    on left: 4 5, on right: 2 3
sap (22)
    on left: 6 7, on right: 1
site (23)
    on left: 8 9 10, on right: 6 7
ip_site (24)
    on left: 11 12 13, on right: 8
ipx_site (25)
    on left: 14, on right: 9
at_site (26)
    on left: 15, on right: 10
hostport (27)
    on left: 16 17, on right: 12 13
host (28)
    on left: 18 19, on right: 16 17
url_part (29)
    on left: 20 21 22, on right: 7
path_list (30)
    on left: 23 24, on right: 20 22 24
path_el (31)
    on left: 25 26 27 28, on right: 23 24
attr_list (32)
    on left: 29 30, on right: 21 22 30
attr_el (33)
    on left: 31 32, on right: 29 30


state 0

    _RESNAME	shift, and go to state 1

    url 	go to state 48
    service_list	go to state 2
    service	go to state 3



state 1

    service  ->  _RESNAME . ':'   (rule 4)
    service  ->  _RESNAME . '.' _RESNAME ':'   (rule 5)

    ':' 	shift, and go to state 4
    '.' 	shift, and go to state 5



state 2

    url  ->  service_list . sap   (rule 1)
    service_list  ->  service_list . service   (rule 3)

    _RESNAME	shift, and go to state 1
    _IPX	shift, and go to state 6
    _AT 	shift, and go to state 7
    '/' 	shift, and go to state 8

    service	go to state 9
    sap 	go to state 10
    site	go to state 11
    ip_site	go to state 12
    ipx_site	go to state 13
    at_site	go to state 14



state 3

    service_list  ->  service .   (rule 2)

    $default	reduce using rule 2 (service_list)



state 4

    service  ->  _RESNAME ':' .   (rule 4)

    $default	reduce using rule 4 (service)



state 5

    service  ->  _RESNAME '.' . _RESNAME ':'   (rule 5)

    _RESNAME	shift, and go to state 15



state 6

    ipx_site  ->  _IPX .   (rule 14)

    $default	reduce using rule 14 (ipx_site)



state 7

    at_site  ->  _AT . _ZONE ':' _ZONE ':' _ZONE   (rule 15)

    _ZONE	shift, and go to state 16



state 8

    ip_site  ->  '/' . '/'   (rule 11)
    ip_site  ->  '/' . '/' hostport   (rule 12)
    ip_site  ->  '/' . '/' _RESNAME '@' hostport   (rule 13)

    '/' 	shift, and go to state 17



state 9

    service_list  ->  service_list service .   (rule 3)

    $default	reduce using rule 3 (service_list)



state 10

    url  ->  service_list sap .   (rule 1)

    $default	reduce using rule 1 (url)



state 11

    sap  ->  site .   (rule 6)
    sap  ->  site . url_part   (rule 7)

    '/' 	shift, and go to state 18
    ';' 	shift, and go to state 19

    $default	reduce using rule 6 (sap)

    url_part	go to state 20
    path_list	go to state 21
    path_el	go to state 22
    attr_list	go to state 23
    attr_el	go to state 24



state 12

    site  ->  ip_site .   (rule 8)

    $default	reduce using rule 8 (site)



state 13

    site  ->  ipx_site .   (rule 9)

    $default	reduce using rule 9 (site)



state 14

    site  ->  at_site .   (rule 10)

    $default	reduce using rule 10 (site)



state 15

    service  ->  _RESNAME '.' _RESNAME . ':'   (rule 5)

    ':' 	shift, and go to state 25



state 16

    at_site  ->  _AT _ZONE . ':' _ZONE ':' _ZONE   (rule 15)

    ':' 	shift, and go to state 26



state 17

    ip_site  ->  '/' '/' .   (rule 11)
    ip_site  ->  '/' '/' . hostport   (rule 12)
    ip_site  ->  '/' '/' . _RESNAME '@' hostport   (rule 13)

    _RESNAME	shift, and go to state 27
    _IPADDR	shift, and go to state 28

    $default	reduce using rule 11 (ip_site)

    hostport	go to state 29
    host	go to state 30



state 18

    path_el  ->  '/' .   (rule 25)
    path_el  ->  '/' . _ELEMENT   (rule 26)
    path_el  ->  '/' . _RESNAME   (rule 27)
    path_el  ->  '/' . _HEXDIG   (rule 28)

    _HEXDIG	shift, and go to state 31
    _RESNAME	shift, and go to state 32
    _ELEMENT	shift, and go to state 33

    $default	reduce using rule 25 (path_el)



state 19

    attr_el  ->  ';' . _ELEMENT   (rule 31)
    attr_el  ->  ';' . _ELEMENT '=' _ELEMENT   (rule 32)

    _ELEMENT	shift, and go to state 34



state 20

    sap  ->  site url_part .   (rule 7)

    $default	reduce using rule 7 (sap)



state 21

    url_part  ->  path_list .   (rule 20)
    url_part  ->  path_list . attr_list   (rule 22)
    path_list  ->  path_list . path_el   (rule 24)

    '/' 	shift, and go to state 18
    ';' 	shift, and go to state 19

    $default	reduce using rule 20 (url_part)

    path_el	go to state 35
    attr_list	go to state 36
    attr_el	go to state 24



state 22

    path_list  ->  path_el .   (rule 23)

    $default	reduce using rule 23 (path_list)



state 23

    url_part  ->  attr_list .   (rule 21)
    attr_list  ->  attr_list . attr_el   (rule 30)

    ';' 	shift, and go to state 19

    $default	reduce using rule 21 (url_part)

    attr_el	go to state 37



state 24

    attr_list  ->  attr_el .   (rule 29)

    $default	reduce using rule 29 (attr_list)



state 25

    service  ->  _RESNAME '.' _RESNAME ':' .   (rule 5)

    $default	reduce using rule 5 (service)



state 26

    at_site  ->  _AT _ZONE ':' . _ZONE ':' _ZONE   (rule 15)

    _ZONE	shift, and go to state 38



state 27

    ip_site  ->  '/' '/' _RESNAME . '@' hostport   (rule 13)
    host  ->  _RESNAME .   (rule 18)

    '@' 	shift, and go to state 39

    $default	reduce using rule 18 (host)



state 28

    host  ->  _IPADDR .   (rule 19)

    $default	reduce using rule 19 (host)



state 29

    ip_site  ->  '/' '/' hostport .   (rule 12)

    $default	reduce using rule 12 (ip_site)



state 30

    hostport  ->  host .   (rule 16)
    hostport  ->  host . ':' _HEXDIG   (rule 17)

    ':' 	shift, and go to state 40

    $default	reduce using rule 16 (hostport)



state 31

    path_el  ->  '/' _HEXDIG .   (rule 28)

    $default	reduce using rule 28 (path_el)



state 32

    path_el  ->  '/' _RESNAME .   (rule 27)

    $default	reduce using rule 27 (path_el)



state 33

    path_el  ->  '/' _ELEMENT .   (rule 26)

    $default	reduce using rule 26 (path_el)



state 34

    attr_el  ->  ';' _ELEMENT .   (rule 31)
    attr_el  ->  ';' _ELEMENT . '=' _ELEMENT   (rule 32)

    '=' 	shift, and go to state 41

    $default	reduce using rule 31 (attr_el)



state 35

    path_list  ->  path_list path_el .   (rule 24)

    $default	reduce using rule 24 (path_list)



state 36

    url_part  ->  path_list attr_list .   (rule 22)
    attr_list  ->  attr_list . attr_el   (rule 30)

    ';' 	shift, and go to state 19

    $default	reduce using rule 22 (url_part)

    attr_el	go to state 37



state 37

    attr_list  ->  attr_list attr_el .   (rule 30)

    $default	reduce using rule 30 (attr_list)



state 38

    at_site  ->  _AT _ZONE ':' _ZONE . ':' _ZONE   (rule 15)

    ':' 	shift, and go to state 42



state 39

    ip_site  ->  '/' '/' _RESNAME '@' . hostport   (rule 13)

    _RESNAME	shift, and go to state 43
    _IPADDR	shift, and go to state 28

    hostport	go to state 44
    host	go to state 30



state 40

    hostport  ->  host ':' . _HEXDIG   (rule 17)

    _HEXDIG	shift, and go to state 45



state 41

    attr_el  ->  ';' _ELEMENT '=' . _ELEMENT   (rule 32)

    _ELEMENT	shift, and go to state 46



state 42

    at_site  ->  _AT _ZONE ':' _ZONE ':' . _ZONE   (rule 15)

    _ZONE	shift, and go to state 47



state 43

    host  ->  _RESNAME .   (rule 18)

    $default	reduce using rule 18 (host)



state 44

    ip_site  ->  '/' '/' _RESNAME '@' hostport .   (rule 13)

    $default	reduce using rule 13 (ip_site)



state 45

    hostport  ->  host ':' _HEXDIG .   (rule 17)

    $default	reduce using rule 17 (hostport)



state 46

    attr_el  ->  ';' _ELEMENT '=' _ELEMENT .   (rule 32)

    $default	reduce using rule 32 (attr_el)



state 47

    at_site  ->  _AT _ZONE ':' _ZONE ':' _ZONE .   (rule 15)

    $default	reduce using rule 15 (at_site)



state 48

    $   	go to state 49



state 49

    $   	go to state 50



state 50

    $default	accept


