Terminals which are not used:

   _RESERVED
   _STAG
   _NAME


Grammar

  Number, Line, Rule
    1  85 url -> service_list sap
    2 179 service_list -> service
    3 187 service_list -> service_list service
    4 196 service -> _RESNAME ':'
    5 214 service -> _RESNAME '.' _RESNAME ':'
    6 236 sap -> site
    7 243 sap -> site url_part
    8 252 site -> ip_site
    9 265 site -> ipx_site
   10 278 site -> at_site
   11 292 site -> service_id
   12 310 ip_site -> '/' '/'
   13 313 ip_site -> '/' '/' hostport
   14 321 ip_site -> '/' '/' _RESNAME '@' hostport
   15 332 service_id -> _RESNAME
   16 337 ipx_site -> _IPX
   17 342 at_site -> _AT _ZONE ':' _ZONE ':' _ZONE
   18 355 hostport -> host
   19 358 hostport -> host ':' _HEXDIG
   20 373 host -> _RESNAME
   21 376 host -> _IPADDR
   22 381 url_part -> path_list
   23 384 url_part -> attr_list
   24 387 url_part -> path_list attr_list
   25 392 path_list -> path_el
   26 399 path_list -> path_list path_el
   27 409 path_el -> '/'
   28 413 path_el -> '/' _ELEMENT
   29 431 path_el -> '/' _RESNAME
   30 448 path_el -> '/' _HEXDIG
   31 466 attr_list -> attr_el
   32 473 attr_list -> attr_list attr_el
   33 482 attr_el -> ';' _ELEMENT
   34 499 attr_el -> ';' _ELEMENT '=' _ELEMENT


Terminals, with rules where they appear

$ (-1)
'.' (46) 5
'/' (47) 12 13 14 27 28 29 30
':' (58) 4 5 17 19
';' (59) 33 34
'=' (61) 34
'@' (64) 14
error (256)
_RESERVED (257)
_HEXDIG (258) 19 30
_STAG (259)
_RESNAME (260) 4 5 14 15 20 29
_NAME (261)
_ELEMENT (262) 28 33 34
_IPADDR (263) 21
_IPX (264) 16
_AT (265) 17
_ZONE (266) 17


Nonterminals, with rules where they appear

url (19)
    on left: 1
service_list (20)
    on left: 2 3, on right: 1 3
service (21)
    on left: 4 5, on right: 2 3
sap (22)
    on left: 6 7, on right: 1
site (23)
    on left: 8 9 10 11, on right: 6 7
ip_site (24)
    on left: 12 13 14, on right: 8
service_id (25)
    on left: 15, on right: 11
ipx_site (26)
    on left: 16, on right: 9
at_site (27)
    on left: 17, on right: 10
hostport (28)
    on left: 18 19, on right: 13 14
host (29)
    on left: 20 21, on right: 18 19
url_part (30)
    on left: 22 23 24, on right: 7
path_list (31)
    on left: 25 26, on right: 22 24 26
path_el (32)
    on left: 27 28 29 30, on right: 25 26
attr_list (33)
    on left: 31 32, on right: 23 24 32
attr_el (34)
    on left: 33 34, on right: 31 32


state 0

    _RESNAME	shift, and go to state 1

    url 	go to state 50
    service_list	go to state 2
    service	go to state 3



state 1

    service  ->  _RESNAME . ':'   (rule 4)
    service  ->  _RESNAME . '.' _RESNAME ':'   (rule 5)

    ':' 	shift, and go to state 4
    '.' 	shift, and go to state 5



state 2

    url  ->  service_list . sap   (rule 1)
    service_list  ->  service_list . service   (rule 3)

    _RESNAME	shift, and go to state 6
    _IPX	shift, and go to state 7
    _AT 	shift, and go to state 8
    '/' 	shift, and go to state 9

    service	go to state 10
    sap 	go to state 11
    site	go to state 12
    ip_site	go to state 13
    service_id	go to state 14
    ipx_site	go to state 15
    at_site	go to state 16



state 3

    service_list  ->  service .   (rule 2)

    $default	reduce using rule 2 (service_list)



state 4

    service  ->  _RESNAME ':' .   (rule 4)

    $default	reduce using rule 4 (service)



state 5

    service  ->  _RESNAME '.' . _RESNAME ':'   (rule 5)

    _RESNAME	shift, and go to state 17



state 6

    service  ->  _RESNAME . ':'   (rule 4)
    service  ->  _RESNAME . '.' _RESNAME ':'   (rule 5)
    service_id  ->  _RESNAME .   (rule 15)

    ':' 	shift, and go to state 4
    '.' 	shift, and go to state 5

    $default	reduce using rule 15 (service_id)



state 7

    ipx_site  ->  _IPX .   (rule 16)

    $default	reduce using rule 16 (ipx_site)



state 8

    at_site  ->  _AT . _ZONE ':' _ZONE ':' _ZONE   (rule 17)

    _ZONE	shift, and go to state 18



state 9

    ip_site  ->  '/' . '/'   (rule 12)
    ip_site  ->  '/' . '/' hostport   (rule 13)
    ip_site  ->  '/' . '/' _RESNAME '@' hostport   (rule 14)

    '/' 	shift, and go to state 19



state 10

    service_list  ->  service_list service .   (rule 3)

    $default	reduce using rule 3 (service_list)



state 11

    url  ->  service_list sap .   (rule 1)

    $default	reduce using rule 1 (url)



state 12

    sap  ->  site .   (rule 6)
    sap  ->  site . url_part   (rule 7)

    '/' 	shift, and go to state 20
    ';' 	shift, and go to state 21

    $default	reduce using rule 6 (sap)

    url_part	go to state 22
    path_list	go to state 23
    path_el	go to state 24
    attr_list	go to state 25
    attr_el	go to state 26



state 13

    site  ->  ip_site .   (rule 8)

    $default	reduce using rule 8 (site)



state 14

    site  ->  service_id .   (rule 11)

    $default	reduce using rule 11 (site)



state 15

    site  ->  ipx_site .   (rule 9)

    $default	reduce using rule 9 (site)



state 16

    site  ->  at_site .   (rule 10)

    $default	reduce using rule 10 (site)



state 17

    service  ->  _RESNAME '.' _RESNAME . ':'   (rule 5)

    ':' 	shift, and go to state 27



state 18

    at_site  ->  _AT _ZONE . ':' _ZONE ':' _ZONE   (rule 17)

    ':' 	shift, and go to state 28



state 19

    ip_site  ->  '/' '/' .   (rule 12)
    ip_site  ->  '/' '/' . hostport   (rule 13)
    ip_site  ->  '/' '/' . _RESNAME '@' hostport   (rule 14)

    _RESNAME	shift, and go to state 29
    _IPADDR	shift, and go to state 30

    $default	reduce using rule 12 (ip_site)

    hostport	go to state 31
    host	go to state 32



state 20

    path_el  ->  '/' .   (rule 27)
    path_el  ->  '/' . _ELEMENT   (rule 28)
    path_el  ->  '/' . _RESNAME   (rule 29)
    path_el  ->  '/' . _HEXDIG   (rule 30)

    _HEXDIG	shift, and go to state 33
    _RESNAME	shift, and go to state 34
    _ELEMENT	shift, and go to state 35

    $default	reduce using rule 27 (path_el)



state 21

    attr_el  ->  ';' . _ELEMENT   (rule 33)
    attr_el  ->  ';' . _ELEMENT '=' _ELEMENT   (rule 34)

    _ELEMENT	shift, and go to state 36



state 22

    sap  ->  site url_part .   (rule 7)

    $default	reduce using rule 7 (sap)



state 23

    url_part  ->  path_list .   (rule 22)
    url_part  ->  path_list . attr_list   (rule 24)
    path_list  ->  path_list . path_el   (rule 26)

    '/' 	shift, and go to state 20
    ';' 	shift, and go to state 21

    $default	reduce using rule 22 (url_part)

    path_el	go to state 37
    attr_list	go to state 38
    attr_el	go to state 26



state 24

    path_list  ->  path_el .   (rule 25)

    $default	reduce using rule 25 (path_list)



state 25

    url_part  ->  attr_list .   (rule 23)
    attr_list  ->  attr_list . attr_el   (rule 32)

    ';' 	shift, and go to state 21

    $default	reduce using rule 23 (url_part)

    attr_el	go to state 39



state 26

    attr_list  ->  attr_el .   (rule 31)

    $default	reduce using rule 31 (attr_list)



state 27

    service  ->  _RESNAME '.' _RESNAME ':' .   (rule 5)

    $default	reduce using rule 5 (service)



state 28

    at_site  ->  _AT _ZONE ':' . _ZONE ':' _ZONE   (rule 17)

    _ZONE	shift, and go to state 40



state 29

    ip_site  ->  '/' '/' _RESNAME . '@' hostport   (rule 14)
    host  ->  _RESNAME .   (rule 20)

    '@' 	shift, and go to state 41

    $default	reduce using rule 20 (host)



state 30

    host  ->  _IPADDR .   (rule 21)

    $default	reduce using rule 21 (host)



state 31

    ip_site  ->  '/' '/' hostport .   (rule 13)

    $default	reduce using rule 13 (ip_site)



state 32

    hostport  ->  host .   (rule 18)
    hostport  ->  host . ':' _HEXDIG   (rule 19)

    ':' 	shift, and go to state 42

    $default	reduce using rule 18 (hostport)



state 33

    path_el  ->  '/' _HEXDIG .   (rule 30)

    $default	reduce using rule 30 (path_el)



state 34

    path_el  ->  '/' _RESNAME .   (rule 29)

    $default	reduce using rule 29 (path_el)



state 35

    path_el  ->  '/' _ELEMENT .   (rule 28)

    $default	reduce using rule 28 (path_el)



state 36

    attr_el  ->  ';' _ELEMENT .   (rule 33)
    attr_el  ->  ';' _ELEMENT . '=' _ELEMENT   (rule 34)

    '=' 	shift, and go to state 43

    $default	reduce using rule 33 (attr_el)



state 37

    path_list  ->  path_list path_el .   (rule 26)

    $default	reduce using rule 26 (path_list)



state 38

    url_part  ->  path_list attr_list .   (rule 24)
    attr_list  ->  attr_list . attr_el   (rule 32)

    ';' 	shift, and go to state 21

    $default	reduce using rule 24 (url_part)

    attr_el	go to state 39



state 39

    attr_list  ->  attr_list attr_el .   (rule 32)

    $default	reduce using rule 32 (attr_list)



state 40

    at_site  ->  _AT _ZONE ':' _ZONE . ':' _ZONE   (rule 17)

    ':' 	shift, and go to state 44



state 41

    ip_site  ->  '/' '/' _RESNAME '@' . hostport   (rule 14)

    _RESNAME	shift, and go to state 45
    _IPADDR	shift, and go to state 30

    hostport	go to state 46
    host	go to state 32



state 42

    hostport  ->  host ':' . _HEXDIG   (rule 19)

    _HEXDIG	shift, and go to state 47



state 43

    attr_el  ->  ';' _ELEMENT '=' . _ELEMENT   (rule 34)

    _ELEMENT	shift, and go to state 48



state 44

    at_site  ->  _AT _ZONE ':' _ZONE ':' . _ZONE   (rule 17)

    _ZONE	shift, and go to state 49



state 45

    host  ->  _RESNAME .   (rule 20)

    $default	reduce using rule 20 (host)



state 46

    ip_site  ->  '/' '/' _RESNAME '@' hostport .   (rule 14)

    $default	reduce using rule 14 (ip_site)



state 47

    hostport  ->  host ':' _HEXDIG .   (rule 19)

    $default	reduce using rule 19 (hostport)



state 48

    attr_el  ->  ';' _ELEMENT '=' _ELEMENT .   (rule 34)

    $default	reduce using rule 34 (attr_el)



state 49

    at_site  ->  _AT _ZONE ':' _ZONE ':' _ZONE .   (rule 17)

    $default	reduce using rule 17 (at_site)



state 50

    $   	go to state 51



state 51

    $   	go to state 52



state 52

    $default	accept


